<?xml version="1.0" encoding="UTF-8"?>
<!-- Generated by org.testng.reporters.JUnitReportReporter -->
<testsuite skipped="0" hostname="vladislavs-MacBook-Pro.local" name="olimpic.OlimpicMedals$OlympicsGames" tests="7" failures="0" timestamp="03 Jul 2018 04:21:29 GMT" time="5.628" errors="0">
  <testcase name="sortedByRank" time="0.448" classname="olimpic.OlimpicMedals$OlympicsGames"/>
  <testcase name="checkCountries" time="0.421" classname="olimpic.OlimpicMedals$OlympicsGames"/>
  <testcase name="checkRanks" time="0.310" classname="olimpic.OlimpicMedals$OlympicsGames"/>
  <testcase name="mostGoldMedal" time="1.443" classname="olimpic.OlimpicMedals$OlympicsGames"/>
  <testcase name="mostSilver" time="2.402" classname="olimpic.OlimpicMedals$OlympicsGames"/>
  <testcase name="mostBronzMedal" time="0.293" classname="olimpic.OlimpicMedals$OlympicsGames"/>
  <testcase name="mostNumberOfMedal" time="0.311" classname="olimpic.OlimpicMedals$OlympicsGames"/>
</testsuite> <!-- olimpic.OlimpicMedals$OlympicsGames -->
